{"C:\\Projects\\final-smm-express\\config\\dbConn.js": {"path":"C:\\Projects\\final-smm-express\\config\\dbConn.js","statementMap":{"0":{"start":{"line":1,"column":18},"end":{"line":1,"column":38}},"1":{"start":{"line":2,"column":15},"end":{"line":2,"column":32}},"2":{"start":{"line":3,"column":0},"end":{"line":3,"column":16}},"3":{"start":{"line":4,"column":16},"end":{"line":4,"column":36}},"4":{"start":{"line":7,"column":0},"end":{"line":20,"column":1}},"5":{"start":{"line":8,"column":4},"end":{"line":8,"column":50}},"6":{"start":{"line":10,"column":4},"end":{"line":19,"column":6}},"7":{"start":{"line":22,"column":0},"end":{"line":22,"column":28}}},"fnMap":{},"branchMap":{"0":{"loc":{"start":{"line":7,"column":0},"end":{"line":20,"column":1}},"type":"if","locations":[{"start":{"line":7,"column":0},"end":{"line":20,"column":1}},{"start":{"line":7,"column":0},"end":{"line":20,"column":1}}],"line":7}},"s":{"0":1,"1":1,"2":1,"3":1,"4":1,"5":0,"6":1,"7":1},"f":{},"b":{"0":[0,1]},"_coverageSchema":"1a1c01bbd47fc00a2c39e90264f33305004495a9","hash":"4f63e89b64596d09f7fd321bb1e12520e7730c5d"}
,"C:\\Projects\\final-smm-express\\src\\events\\logEmitter.js": {"path":"C:\\Projects\\final-smm-express\\src\\events\\logEmitter.js","statementMap":{"0":{"start":{"line":1,"column":21},"end":{"line":1,"column":38}},"1":{"start":{"line":2,"column":20},"end":{"line":2,"column":36}},"2":{"start":{"line":5,"column":0},"end":{"line":5,"column":28}}},"fnMap":{},"branchMap":{},"s":{"0":1,"1":1,"2":1},"f":{},"b":{},"_coverageSchema":"1a1c01bbd47fc00a2c39e90264f33305004495a9","hash":"9f51a387889815424ebbcd59a549ce64d35c434c"}
,"C:\\Projects\\final-smm-express\\src\\models\\attendance.model.js": {"path":"C:\\Projects\\final-smm-express\\src\\models\\attendance.model.js","statementMap":{"0":{"start":{"line":1,"column":19},"end":{"line":1,"column":49}},"1":{"start":{"line":2,"column":18},"end":{"line":2,"column":38}},"2":{"start":{"line":4,"column":19},"end":{"line":24,"column":2}},"3":{"start":{"line":26,"column":0},"end":{"line":26,"column":28}}},"fnMap":{},"branchMap":{},"s":{"0":1,"1":1,"2":1,"3":1},"f":{},"b":{},"_coverageSchema":"1a1c01bbd47fc00a2c39e90264f33305004495a9","hash":"9520f5e760b61cc01601eca371fcd764a46d41b6"}
,"C:\\Projects\\final-smm-express\\src\\models\\btype.model.js": {"path":"C:\\Projects\\final-smm-express\\src\\models\\btype.model.js","statementMap":{"0":{"start":{"line":1,"column":19},"end":{"line":1,"column":49}},"1":{"start":{"line":2,"column":18},"end":{"line":2,"column":38}},"2":{"start":{"line":4,"column":18},"end":{"line":21,"column":2}},"3":{"start":{"line":23,"column":0},"end":{"line":23,"column":27}}},"fnMap":{},"branchMap":{},"s":{"0":1,"1":1,"2":1,"3":1},"f":{},"b":{},"_coverageSchema":"1a1c01bbd47fc00a2c39e90264f33305004495a9","hash":"c9f42059bdedbe20fca18d8bcd24064c3b0443b9"}
,"C:\\Projects\\final-smm-express\\src\\models\\department.model.js": {"path":"C:\\Projects\\final-smm-express\\src\\models\\department.model.js","statementMap":{"0":{"start":{"line":1,"column":19},"end":{"line":1,"column":49}},"1":{"start":{"line":2,"column":18},"end":{"line":2,"column":38}},"2":{"start":{"line":4,"column":19},"end":{"line":26,"column":2}},"3":{"start":{"line":28,"column":0},"end":{"line":28,"column":28}}},"fnMap":{},"branchMap":{},"s":{"0":1,"1":1,"2":1,"3":1},"f":{},"b":{},"_coverageSchema":"1a1c01bbd47fc00a2c39e90264f33305004495a9","hash":"bd2676439d28b73a49abf97b143f284c3ed55237"}
,"C:\\Projects\\final-smm-express\\src\\models\\gender.model.js": {"path":"C:\\Projects\\final-smm-express\\src\\models\\gender.model.js","statementMap":{"0":{"start":{"line":1,"column":19},"end":{"line":1,"column":49}},"1":{"start":{"line":2,"column":18},"end":{"line":2,"column":38}},"2":{"start":{"line":4,"column":15},"end":{"line":21,"column":2}},"3":{"start":{"line":23,"column":0},"end":{"line":23,"column":24}}},"fnMap":{},"branchMap":{},"s":{"0":1,"1":1,"2":1,"3":1},"f":{},"b":{},"_coverageSchema":"1a1c01bbd47fc00a2c39e90264f33305004495a9","hash":"9c39c379b2d92c327fdb49cc3cb9b219acd2acc0"}
,"C:\\Projects\\final-smm-express\\src\\models\\user.model.js": {"path":"C:\\Projects\\final-smm-express\\src\\models\\user.model.js","statementMap":{"0":{"start":{"line":1,"column":19},"end":{"line":1,"column":49}},"1":{"start":{"line":2,"column":18},"end":{"line":2,"column":38}},"2":{"start":{"line":4,"column":13},"end":{"line":50,"column":2}},"3":{"start":{"line":52,"column":0},"end":{"line":52,"column":22}}},"fnMap":{},"branchMap":{},"s":{"0":1,"1":1,"2":1,"3":1},"f":{},"b":{},"_coverageSchema":"1a1c01bbd47fc00a2c39e90264f33305004495a9","hash":"162c3e6b60508e5b1492cb63edbd9f465433ebed"}
,"C:\\Projects\\final-smm-express\\src\\services\\user.service.js": {"path":"C:\\Projects\\final-smm-express\\src\\services\\user.service.js","statementMap":{"0":{"start":{"line":1,"column":18},"end":{"line":1,"column":38}},"1":{"start":{"line":2,"column":11},"end":{"line":2,"column":23}},"2":{"start":{"line":3,"column":19},"end":{"line":3,"column":50}},"3":{"start":{"line":4,"column":19},"end":{"line":4,"column":56}},"4":{"start":{"line":5,"column":15},"end":{"line":5,"column":48}},"5":{"start":{"line":6,"column":18},"end":{"line":6,"column":50}},"6":{"start":{"line":7,"column":19},"end":{"line":7,"column":56}},"7":{"start":{"line":11,"column":8},"end":{"line":11,"column":25}},"8":{"start":{"line":15,"column":8},"end":{"line":38,"column":9}},"9":{"start":{"line":16,"column":27},"end":{"line":30,"column":18}},"10":{"start":{"line":31,"column":12},"end":{"line":31,"column":26}},"11":{"start":{"line":33,"column":12},"end":{"line":36,"column":15}},"12":{"start":{"line":37,"column":12},"end":{"line":37,"column":36}},"13":{"start":{"line":43,"column":8},"end":{"line":68,"column":9}},"14":{"start":{"line":44,"column":27},"end":{"line":60,"column":18}},"15":{"start":{"line":61,"column":12},"end":{"line":61,"column":26}},"16":{"start":{"line":63,"column":12},"end":{"line":66,"column":15}},"17":{"start":{"line":67,"column":12},"end":{"line":67,"column":36}},"18":{"start":{"line":72,"column":8},"end":{"line":98,"column":9}},"19":{"start":{"line":73,"column":27},"end":{"line":89,"column":18}},"20":{"start":{"line":91,"column":12},"end":{"line":91,"column":26}},"21":{"start":{"line":93,"column":12},"end":{"line":96,"column":15}},"22":{"start":{"line":97,"column":12},"end":{"line":97,"column":36}},"23":{"start":{"line":102,"column":8},"end":{"line":127,"column":9}},"24":{"start":{"line":103,"column":27},"end":{"line":119,"column":18}},"25":{"start":{"line":120,"column":12},"end":{"line":120,"column":26}},"26":{"start":{"line":122,"column":12},"end":{"line":125,"column":15}},"27":{"start":{"line":126,"column":12},"end":{"line":126,"column":36}},"28":{"start":{"line":131,"column":8},"end":{"line":159,"column":9}},"29":{"start":{"line":132,"column":27},"end":{"line":150,"column":13}},"30":{"start":{"line":152,"column":12},"end":{"line":152,"column":26}},"31":{"start":{"line":154,"column":12},"end":{"line":157,"column":15}},"32":{"start":{"line":158,"column":12},"end":{"line":158,"column":36}},"33":{"start":{"line":163,"column":0},"end":{"line":163,"column":29}}},"fnMap":{"0":{"name":"(anonymous_0)","decl":{"start":{"line":10,"column":4},"end":{"line":10,"column":5}},"loc":{"start":{"line":10,"column":22},"end":{"line":12,"column":5}},"line":10},"1":{"name":"(anonymous_1)","decl":{"start":{"line":14,"column":4},"end":{"line":14,"column":5}},"loc":{"start":{"line":14,"column":21},"end":{"line":40,"column":5}},"line":14},"2":{"name":"(anonymous_2)","decl":{"start":{"line":42,"column":4},"end":{"line":42,"column":5}},"loc":{"start":{"line":42,"column":24},"end":{"line":69,"column":5}},"line":42},"3":{"name":"(anonymous_3)","decl":{"start":{"line":71,"column":4},"end":{"line":71,"column":5}},"loc":{"start":{"line":71,"column":27},"end":{"line":99,"column":5}},"line":71},"4":{"name":"(anonymous_4)","decl":{"start":{"line":101,"column":4},"end":{"line":101,"column":5}},"loc":{"start":{"line":101,"column":26},"end":{"line":128,"column":5}},"line":101},"5":{"name":"(anonymous_5)","decl":{"start":{"line":130,"column":4},"end":{"line":130,"column":5}},"loc":{"start":{"line":130,"column":28},"end":{"line":160,"column":5}},"line":130}},"branchMap":{},"s":{"0":1,"1":1,"2":1,"3":1,"4":1,"5":1,"6":1,"7":1,"8":2,"9":2,"10":1,"11":1,"12":1,"13":2,"14":2,"15":1,"16":1,"17":1,"18":2,"19":2,"20":1,"21":1,"22":1,"23":2,"24":2,"25":1,"26":1,"27":1,"28":2,"29":2,"30":1,"31":1,"32":1,"33":1},"f":{"0":1,"1":2,"2":2,"3":2,"4":2,"5":2},"b":{},"_coverageSchema":"1a1c01bbd47fc00a2c39e90264f33305004495a9","hash":"1d6546e97d0b21156ff7ef4f5bc5b83850344b06"}
}
